Start testing: Jan 10 11:38 -03
----------------------------------------------------------
1/42 Testing: adaptors_test
1/42 Test: adaptors_test
Command: "/mnt/c/Users/Manuel/Desktop/coisas/42/alg2/euclidian_tsp/lemon-1.3.1/build/test/adaptors_test"
Directory: /mnt/c/Users/Manuel/Desktop/coisas/42/alg2/euclidian_tsp/lemon-1.3.1/build/test
"adaptors_test" start time: Jan 10 11:38 -03
Output:
----------------------------------------------------------
<end of output>
Test time =   0.04 sec
----------------------------------------------------------
Test Passed.
"adaptors_test" end time: Jan 10 11:38 -03
"adaptors_test" time elapsed: 00:00:00
----------------------------------------------------------

2/42 Testing: arc_look_up_test
2/42 Test: arc_look_up_test
Command: "/mnt/c/Users/Manuel/Desktop/coisas/42/alg2/euclidian_tsp/lemon-1.3.1/build/test/arc_look_up_test"
Directory: /mnt/c/Users/Manuel/Desktop/coisas/42/alg2/euclidian_tsp/lemon-1.3.1/build/test
"arc_look_up_test" start time: Jan 10 11:38 -03
Output:
----------------------------------------------------------
<end of output>
Test time =   0.03 sec
----------------------------------------------------------
Test Passed.
"arc_look_up_test" end time: Jan 10 11:38 -03
"arc_look_up_test" time elapsed: 00:00:00
----------------------------------------------------------

3/42 Testing: bellman_ford_test
3/42 Test: bellman_ford_test
Command: "/mnt/c/Users/Manuel/Desktop/coisas/42/alg2/euclidian_tsp/lemon-1.3.1/build/test/bellman_ford_test"
Directory: /mnt/c/Users/Manuel/Desktop/coisas/42/alg2/euclidian_tsp/lemon-1.3.1/build/test
"bellman_ford_test" start time: Jan 10 11:38 -03
Output:
----------------------------------------------------------
<end of output>
Test time =   0.03 sec
----------------------------------------------------------
Test Passed.
"bellman_ford_test" end time: Jan 10 11:38 -03
"bellman_ford_test" time elapsed: 00:00:00
----------------------------------------------------------

4/42 Testing: bfs_test
4/42 Test: bfs_test
Command: "/mnt/c/Users/Manuel/Desktop/coisas/42/alg2/euclidian_tsp/lemon-1.3.1/build/test/bfs_test"
Directory: /mnt/c/Users/Manuel/Desktop/coisas/42/alg2/euclidian_tsp/lemon-1.3.1/build/test
"bfs_test" start time: Jan 10 11:38 -03
Output:
----------------------------------------------------------
<end of output>
Test time =   0.03 sec
----------------------------------------------------------
Test Passed.
"bfs_test" end time: Jan 10 11:38 -03
"bfs_test" time elapsed: 00:00:00
----------------------------------------------------------

5/42 Testing: bpgraph_test
5/42 Test: bpgraph_test
Command: "/mnt/c/Users/Manuel/Desktop/coisas/42/alg2/euclidian_tsp/lemon-1.3.1/build/test/bpgraph_test"
Directory: /mnt/c/Users/Manuel/Desktop/coisas/42/alg2/euclidian_tsp/lemon-1.3.1/build/test
"bpgraph_test" start time: Jan 10 11:38 -03
Output:
----------------------------------------------------------
<end of output>
Test time =   0.04 sec
----------------------------------------------------------
Test Passed.
"bpgraph_test" end time: Jan 10 11:38 -03
"bpgraph_test" time elapsed: 00:00:00
----------------------------------------------------------

6/42 Testing: circulation_test
6/42 Test: circulation_test
Command: "/mnt/c/Users/Manuel/Desktop/coisas/42/alg2/euclidian_tsp/lemon-1.3.1/build/test/circulation_test"
Directory: /mnt/c/Users/Manuel/Desktop/coisas/42/alg2/euclidian_tsp/lemon-1.3.1/build/test
"circulation_test" start time: Jan 10 11:38 -03
Output:
----------------------------------------------------------
<end of output>
Test time =   0.03 sec
----------------------------------------------------------
Test Passed.
"circulation_test" end time: Jan 10 11:38 -03
"circulation_test" time elapsed: 00:00:00
----------------------------------------------------------

7/42 Testing: connectivity_test
7/42 Test: connectivity_test
Command: "/mnt/c/Users/Manuel/Desktop/coisas/42/alg2/euclidian_tsp/lemon-1.3.1/build/test/connectivity_test"
Directory: /mnt/c/Users/Manuel/Desktop/coisas/42/alg2/euclidian_tsp/lemon-1.3.1/build/test
"connectivity_test" start time: Jan 10 11:38 -03
Output:
----------------------------------------------------------
<end of output>
Test time =   0.03 sec
----------------------------------------------------------
Test Passed.
"connectivity_test" end time: Jan 10 11:38 -03
"connectivity_test" time elapsed: 00:00:00
----------------------------------------------------------

8/42 Testing: counter_test
8/42 Test: counter_test
Command: "/mnt/c/Users/Manuel/Desktop/coisas/42/alg2/euclidian_tsp/lemon-1.3.1/build/test/counter_test"
Directory: /mnt/c/Users/Manuel/Desktop/coisas/42/alg2/euclidian_tsp/lemon-1.3.1/build/test
"counter_test" start time: Jan 10 11:38 -03
Output:
----------------------------------------------------------
<end of output>
Test time =   0.02 sec
----------------------------------------------------------
Test Passed.
"counter_test" end time: Jan 10 11:38 -03
"counter_test" time elapsed: 00:00:00
----------------------------------------------------------

9/42 Testing: dfs_test
9/42 Test: dfs_test
Command: "/mnt/c/Users/Manuel/Desktop/coisas/42/alg2/euclidian_tsp/lemon-1.3.1/build/test/dfs_test"
Directory: /mnt/c/Users/Manuel/Desktop/coisas/42/alg2/euclidian_tsp/lemon-1.3.1/build/test
"dfs_test" start time: Jan 10 11:38 -03
Output:
----------------------------------------------------------
<end of output>
Test time =   0.03 sec
----------------------------------------------------------
Test Passed.
"dfs_test" end time: Jan 10 11:38 -03
"dfs_test" time elapsed: 00:00:00
----------------------------------------------------------

10/42 Testing: digraph_test
10/42 Test: digraph_test
Command: "/mnt/c/Users/Manuel/Desktop/coisas/42/alg2/euclidian_tsp/lemon-1.3.1/build/test/digraph_test"
Directory: /mnt/c/Users/Manuel/Desktop/coisas/42/alg2/euclidian_tsp/lemon-1.3.1/build/test
"digraph_test" start time: Jan 10 11:38 -03
Output:
----------------------------------------------------------
<end of output>
Test time =   0.03 sec
----------------------------------------------------------
Test Passed.
"digraph_test" end time: Jan 10 11:38 -03
"digraph_test" time elapsed: 00:00:00
----------------------------------------------------------

11/42 Testing: dijkstra_test
11/42 Test: dijkstra_test
Command: "/mnt/c/Users/Manuel/Desktop/coisas/42/alg2/euclidian_tsp/lemon-1.3.1/build/test/dijkstra_test"
Directory: /mnt/c/Users/Manuel/Desktop/coisas/42/alg2/euclidian_tsp/lemon-1.3.1/build/test
"dijkstra_test" start time: Jan 10 11:38 -03
Output:
----------------------------------------------------------
<end of output>
Test time =   0.03 sec
----------------------------------------------------------
Test Passed.
"dijkstra_test" end time: Jan 10 11:38 -03
"dijkstra_test" time elapsed: 00:00:00
----------------------------------------------------------

12/42 Testing: dim_test
12/42 Test: dim_test
Command: "/mnt/c/Users/Manuel/Desktop/coisas/42/alg2/euclidian_tsp/lemon-1.3.1/build/test/dim_test"
Directory: /mnt/c/Users/Manuel/Desktop/coisas/42/alg2/euclidian_tsp/lemon-1.3.1/build/test
"dim_test" start time: Jan 10 11:38 -03
Output:
----------------------------------------------------------
<end of output>
Test time =   0.02 sec
----------------------------------------------------------
Test Passed.
"dim_test" end time: Jan 10 11:38 -03
"dim_test" time elapsed: 00:00:00
----------------------------------------------------------

13/42 Testing: edge_set_test
13/42 Test: edge_set_test
Command: "/mnt/c/Users/Manuel/Desktop/coisas/42/alg2/euclidian_tsp/lemon-1.3.1/build/test/edge_set_test"
Directory: /mnt/c/Users/Manuel/Desktop/coisas/42/alg2/euclidian_tsp/lemon-1.3.1/build/test
"edge_set_test" start time: Jan 10 11:38 -03
Output:
----------------------------------------------------------
<end of output>
Test time =   0.03 sec
----------------------------------------------------------
Test Passed.
"edge_set_test" end time: Jan 10 11:38 -03
"edge_set_test" time elapsed: 00:00:00
----------------------------------------------------------

14/42 Testing: error_test
14/42 Test: error_test
Command: "/mnt/c/Users/Manuel/Desktop/coisas/42/alg2/euclidian_tsp/lemon-1.3.1/build/test/error_test"
Directory: /mnt/c/Users/Manuel/Desktop/coisas/42/alg2/euclidian_tsp/lemon-1.3.1/build/test
"error_test" start time: Jan 10 11:38 -03
Output:
----------------------------------------------------------
<end of output>
Test time =   0.02 sec
----------------------------------------------------------
Test Passed.
"error_test" end time: Jan 10 11:38 -03
"error_test" time elapsed: 00:00:00
----------------------------------------------------------

15/42 Testing: euler_test
15/42 Test: euler_test
Command: "/mnt/c/Users/Manuel/Desktop/coisas/42/alg2/euclidian_tsp/lemon-1.3.1/build/test/euler_test"
Directory: /mnt/c/Users/Manuel/Desktop/coisas/42/alg2/euclidian_tsp/lemon-1.3.1/build/test
"euler_test" start time: Jan 10 11:38 -03
Output:
----------------------------------------------------------
<end of output>
Test time =   0.03 sec
----------------------------------------------------------
Test Passed.
"euler_test" end time: Jan 10 11:38 -03
"euler_test" time elapsed: 00:00:00
----------------------------------------------------------

16/42 Testing: fractional_matching_test
16/42 Test: fractional_matching_test
Command: "/mnt/c/Users/Manuel/Desktop/coisas/42/alg2/euclidian_tsp/lemon-1.3.1/build/test/fractional_matching_test"
Directory: /mnt/c/Users/Manuel/Desktop/coisas/42/alg2/euclidian_tsp/lemon-1.3.1/build/test
"fractional_matching_test" start time: Jan 10 11:38 -03
Output:
----------------------------------------------------------
<end of output>
Test time =   0.03 sec
----------------------------------------------------------
Test Passed.
"fractional_matching_test" end time: Jan 10 11:38 -03
"fractional_matching_test" time elapsed: 00:00:00
----------------------------------------------------------

17/42 Testing: gomory_hu_test
17/42 Test: gomory_hu_test
Command: "/mnt/c/Users/Manuel/Desktop/coisas/42/alg2/euclidian_tsp/lemon-1.3.1/build/test/gomory_hu_test"
Directory: /mnt/c/Users/Manuel/Desktop/coisas/42/alg2/euclidian_tsp/lemon-1.3.1/build/test
"gomory_hu_test" start time: Jan 10 11:38 -03
Output:
----------------------------------------------------------
<end of output>
Test time =   0.03 sec
----------------------------------------------------------
Test Passed.
"gomory_hu_test" end time: Jan 10 11:38 -03
"gomory_hu_test" time elapsed: 00:00:00
----------------------------------------------------------

18/42 Testing: graph_copy_test
18/42 Test: graph_copy_test
Command: "/mnt/c/Users/Manuel/Desktop/coisas/42/alg2/euclidian_tsp/lemon-1.3.1/build/test/graph_copy_test"
Directory: /mnt/c/Users/Manuel/Desktop/coisas/42/alg2/euclidian_tsp/lemon-1.3.1/build/test
"graph_copy_test" start time: Jan 10 11:38 -03
Output:
----------------------------------------------------------
<end of output>
Test time =   0.05 sec
----------------------------------------------------------
Test Passed.
"graph_copy_test" end time: Jan 10 11:38 -03
"graph_copy_test" time elapsed: 00:00:00
----------------------------------------------------------

19/42 Testing: graph_test
19/42 Test: graph_test
Command: "/mnt/c/Users/Manuel/Desktop/coisas/42/alg2/euclidian_tsp/lemon-1.3.1/build/test/graph_test"
Directory: /mnt/c/Users/Manuel/Desktop/coisas/42/alg2/euclidian_tsp/lemon-1.3.1/build/test
"graph_test" start time: Jan 10 11:38 -03
Output:
----------------------------------------------------------
<end of output>
Test time =   0.03 sec
----------------------------------------------------------
Test Passed.
"graph_test" end time: Jan 10 11:38 -03
"graph_test" time elapsed: 00:00:00
----------------------------------------------------------

20/42 Testing: graph_utils_test
20/42 Test: graph_utils_test
Command: "/mnt/c/Users/Manuel/Desktop/coisas/42/alg2/euclidian_tsp/lemon-1.3.1/build/test/graph_utils_test"
Directory: /mnt/c/Users/Manuel/Desktop/coisas/42/alg2/euclidian_tsp/lemon-1.3.1/build/test
"graph_utils_test" start time: Jan 10 11:38 -03
Output:
----------------------------------------------------------
<end of output>
Test time =   0.04 sec
----------------------------------------------------------
Test Passed.
"graph_utils_test" end time: Jan 10 11:38 -03
"graph_utils_test" time elapsed: 00:00:00
----------------------------------------------------------

21/42 Testing: hao_orlin_test
21/42 Test: hao_orlin_test
Command: "/mnt/c/Users/Manuel/Desktop/coisas/42/alg2/euclidian_tsp/lemon-1.3.1/build/test/hao_orlin_test"
Directory: /mnt/c/Users/Manuel/Desktop/coisas/42/alg2/euclidian_tsp/lemon-1.3.1/build/test
"hao_orlin_test" start time: Jan 10 11:38 -03
Output:
----------------------------------------------------------
<end of output>
Test time =   0.03 sec
----------------------------------------------------------
Test Passed.
"hao_orlin_test" end time: Jan 10 11:38 -03
"hao_orlin_test" time elapsed: 00:00:00
----------------------------------------------------------

22/42 Testing: heap_test
22/42 Test: heap_test
Command: "/mnt/c/Users/Manuel/Desktop/coisas/42/alg2/euclidian_tsp/lemon-1.3.1/build/test/heap_test"
Directory: /mnt/c/Users/Manuel/Desktop/coisas/42/alg2/euclidian_tsp/lemon-1.3.1/build/test
"heap_test" start time: Jan 10 11:38 -03
Output:
----------------------------------------------------------
<end of output>
Test time =   0.03 sec
----------------------------------------------------------
Test Passed.
"heap_test" end time: Jan 10 11:38 -03
"heap_test" time elapsed: 00:00:00
----------------------------------------------------------

23/42 Testing: kruskal_test
23/42 Test: kruskal_test
Command: "/mnt/c/Users/Manuel/Desktop/coisas/42/alg2/euclidian_tsp/lemon-1.3.1/build/test/kruskal_test"
Directory: /mnt/c/Users/Manuel/Desktop/coisas/42/alg2/euclidian_tsp/lemon-1.3.1/build/test
"kruskal_test" start time: Jan 10 11:38 -03
Output:
----------------------------------------------------------
<end of output>
Test time =   0.03 sec
----------------------------------------------------------
Test Passed.
"kruskal_test" end time: Jan 10 11:38 -03
"kruskal_test" time elapsed: 00:00:00
----------------------------------------------------------

24/42 Testing: lgf_reader_writer_test
24/42 Test: lgf_reader_writer_test
Command: "/mnt/c/Users/Manuel/Desktop/coisas/42/alg2/euclidian_tsp/lemon-1.3.1/build/test/lgf_reader_writer_test"
Directory: /mnt/c/Users/Manuel/Desktop/coisas/42/alg2/euclidian_tsp/lemon-1.3.1/build/test
"lgf_reader_writer_test" start time: Jan 10 11:38 -03
Output:
----------------------------------------------------------
<end of output>
Test time =   0.05 sec
----------------------------------------------------------
Test Passed.
"lgf_reader_writer_test" end time: Jan 10 11:38 -03
"lgf_reader_writer_test" time elapsed: 00:00:00
----------------------------------------------------------

25/42 Testing: lgf_test
25/42 Test: lgf_test
Command: "/mnt/c/Users/Manuel/Desktop/coisas/42/alg2/euclidian_tsp/lemon-1.3.1/build/test/lgf_test"
Directory: /mnt/c/Users/Manuel/Desktop/coisas/42/alg2/euclidian_tsp/lemon-1.3.1/build/test
"lgf_test" start time: Jan 10 11:38 -03
Output:
----------------------------------------------------------
<end of output>
Test time =   0.03 sec
----------------------------------------------------------
Test Passed.
"lgf_test" end time: Jan 10 11:38 -03
"lgf_test" time elapsed: 00:00:00
----------------------------------------------------------

26/42 Testing: maps_test
26/42 Test: maps_test
Command: "/mnt/c/Users/Manuel/Desktop/coisas/42/alg2/euclidian_tsp/lemon-1.3.1/build/test/maps_test"
Directory: /mnt/c/Users/Manuel/Desktop/coisas/42/alg2/euclidian_tsp/lemon-1.3.1/build/test
"maps_test" start time: Jan 10 11:38 -03
Output:
----------------------------------------------------------
<end of output>
Test time =   0.04 sec
----------------------------------------------------------
Test Passed.
"maps_test" end time: Jan 10 11:38 -03
"maps_test" time elapsed: 00:00:00
----------------------------------------------------------

27/42 Testing: matching_test
27/42 Test: matching_test
Command: "/mnt/c/Users/Manuel/Desktop/coisas/42/alg2/euclidian_tsp/lemon-1.3.1/build/test/matching_test"
Directory: /mnt/c/Users/Manuel/Desktop/coisas/42/alg2/euclidian_tsp/lemon-1.3.1/build/test
"matching_test" start time: Jan 10 11:38 -03
Output:
----------------------------------------------------------
<end of output>
Test time =   0.04 sec
----------------------------------------------------------
Test Passed.
"matching_test" end time: Jan 10 11:38 -03
"matching_test" time elapsed: 00:00:00
----------------------------------------------------------

28/42 Testing: max_cardinality_search_test
28/42 Test: max_cardinality_search_test
Command: "/mnt/c/Users/Manuel/Desktop/coisas/42/alg2/euclidian_tsp/lemon-1.3.1/build/test/max_cardinality_search_test"
Directory: /mnt/c/Users/Manuel/Desktop/coisas/42/alg2/euclidian_tsp/lemon-1.3.1/build/test
"max_cardinality_search_test" start time: Jan 10 11:38 -03
Output:
----------------------------------------------------------
<end of output>
Test time =   0.03 sec
----------------------------------------------------------
Test Passed.
"max_cardinality_search_test" end time: Jan 10 11:38 -03
"max_cardinality_search_test" time elapsed: 00:00:00
----------------------------------------------------------

29/42 Testing: max_clique_test
29/42 Test: max_clique_test
Command: "/mnt/c/Users/Manuel/Desktop/coisas/42/alg2/euclidian_tsp/lemon-1.3.1/build/test/max_clique_test"
Directory: /mnt/c/Users/Manuel/Desktop/coisas/42/alg2/euclidian_tsp/lemon-1.3.1/build/test
"max_clique_test" start time: Jan 10 11:38 -03
Output:
----------------------------------------------------------
<end of output>
Test time =   0.03 sec
----------------------------------------------------------
Test Passed.
"max_clique_test" end time: Jan 10 11:38 -03
"max_clique_test" time elapsed: 00:00:00
----------------------------------------------------------

30/42 Testing: max_flow_test
30/42 Test: max_flow_test
Command: "/mnt/c/Users/Manuel/Desktop/coisas/42/alg2/euclidian_tsp/lemon-1.3.1/build/test/max_flow_test"
Directory: /mnt/c/Users/Manuel/Desktop/coisas/42/alg2/euclidian_tsp/lemon-1.3.1/build/test
"max_flow_test" start time: Jan 10 11:38 -03
Output:
----------------------------------------------------------
<end of output>
Test time =   0.03 sec
----------------------------------------------------------
Test Passed.
"max_flow_test" end time: Jan 10 11:38 -03
"max_flow_test" time elapsed: 00:00:00
----------------------------------------------------------

31/42 Testing: min_cost_arborescence_test
31/42 Test: min_cost_arborescence_test
Command: "/mnt/c/Users/Manuel/Desktop/coisas/42/alg2/euclidian_tsp/lemon-1.3.1/build/test/min_cost_arborescence_test"
Directory: /mnt/c/Users/Manuel/Desktop/coisas/42/alg2/euclidian_tsp/lemon-1.3.1/build/test
"min_cost_arborescence_test" start time: Jan 10 11:38 -03
Output:
----------------------------------------------------------
<end of output>
Test time =   0.03 sec
----------------------------------------------------------
Test Passed.
"min_cost_arborescence_test" end time: Jan 10 11:38 -03
"min_cost_arborescence_test" time elapsed: 00:00:00
----------------------------------------------------------

32/42 Testing: min_cost_flow_test
32/42 Test: min_cost_flow_test
Command: "/mnt/c/Users/Manuel/Desktop/coisas/42/alg2/euclidian_tsp/lemon-1.3.1/build/test/min_cost_flow_test"
Directory: /mnt/c/Users/Manuel/Desktop/coisas/42/alg2/euclidian_tsp/lemon-1.3.1/build/test
"min_cost_flow_test" start time: Jan 10 11:38 -03
Output:
----------------------------------------------------------
<end of output>
Test time =   0.04 sec
----------------------------------------------------------
Test Passed.
"min_cost_flow_test" end time: Jan 10 11:38 -03
"min_cost_flow_test" time elapsed: 00:00:00
----------------------------------------------------------

33/42 Testing: min_mean_cycle_test
33/42 Test: min_mean_cycle_test
Command: "/mnt/c/Users/Manuel/Desktop/coisas/42/alg2/euclidian_tsp/lemon-1.3.1/build/test/min_mean_cycle_test"
Directory: /mnt/c/Users/Manuel/Desktop/coisas/42/alg2/euclidian_tsp/lemon-1.3.1/build/test
"min_mean_cycle_test" start time: Jan 10 11:38 -03
Output:
----------------------------------------------------------
<end of output>
Test time =   0.03 sec
----------------------------------------------------------
Test Passed.
"min_mean_cycle_test" end time: Jan 10 11:38 -03
"min_mean_cycle_test" time elapsed: 00:00:00
----------------------------------------------------------

34/42 Testing: nagamochi_ibaraki_test
34/42 Test: nagamochi_ibaraki_test
Command: "/mnt/c/Users/Manuel/Desktop/coisas/42/alg2/euclidian_tsp/lemon-1.3.1/build/test/nagamochi_ibaraki_test"
Directory: /mnt/c/Users/Manuel/Desktop/coisas/42/alg2/euclidian_tsp/lemon-1.3.1/build/test
"nagamochi_ibaraki_test" start time: Jan 10 11:38 -03
Output:
----------------------------------------------------------
<end of output>
Test time =   0.03 sec
----------------------------------------------------------
Test Passed.
"nagamochi_ibaraki_test" end time: Jan 10 11:38 -03
"nagamochi_ibaraki_test" time elapsed: 00:00:00
----------------------------------------------------------

35/42 Testing: path_test
35/42 Test: path_test
Command: "/mnt/c/Users/Manuel/Desktop/coisas/42/alg2/euclidian_tsp/lemon-1.3.1/build/test/path_test"
Directory: /mnt/c/Users/Manuel/Desktop/coisas/42/alg2/euclidian_tsp/lemon-1.3.1/build/test
"path_test" start time: Jan 10 11:38 -03
Output:
----------------------------------------------------------
<end of output>
Test time =   0.03 sec
----------------------------------------------------------
Test Passed.
"path_test" end time: Jan 10 11:38 -03
"path_test" time elapsed: 00:00:00
----------------------------------------------------------

36/42 Testing: planarity_test
36/42 Test: planarity_test
Command: "/mnt/c/Users/Manuel/Desktop/coisas/42/alg2/euclidian_tsp/lemon-1.3.1/build/test/planarity_test"
Directory: /mnt/c/Users/Manuel/Desktop/coisas/42/alg2/euclidian_tsp/lemon-1.3.1/build/test
"planarity_test" start time: Jan 10 11:38 -03
Output:
----------------------------------------------------------
<end of output>
Test time =   0.04 sec
----------------------------------------------------------
Test Passed.
"planarity_test" end time: Jan 10 11:38 -03
"planarity_test" time elapsed: 00:00:00
----------------------------------------------------------

37/42 Testing: radix_sort_test
37/42 Test: radix_sort_test
Command: "/mnt/c/Users/Manuel/Desktop/coisas/42/alg2/euclidian_tsp/lemon-1.3.1/build/test/radix_sort_test"
Directory: /mnt/c/Users/Manuel/Desktop/coisas/42/alg2/euclidian_tsp/lemon-1.3.1/build/test
"radix_sort_test" start time: Jan 10 11:38 -03
Output:
----------------------------------------------------------
<end of output>
Test time =   0.05 sec
----------------------------------------------------------
Test Passed.
"radix_sort_test" end time: Jan 10 11:38 -03
"radix_sort_test" time elapsed: 00:00:00
----------------------------------------------------------

38/42 Testing: random_test
38/42 Test: random_test
Command: "/mnt/c/Users/Manuel/Desktop/coisas/42/alg2/euclidian_tsp/lemon-1.3.1/build/test/random_test"
Directory: /mnt/c/Users/Manuel/Desktop/coisas/42/alg2/euclidian_tsp/lemon-1.3.1/build/test
"random_test" start time: Jan 10 11:38 -03
Output:
----------------------------------------------------------
<end of output>
Test time =   0.02 sec
----------------------------------------------------------
Test Passed.
"random_test" end time: Jan 10 11:38 -03
"random_test" time elapsed: 00:00:00
----------------------------------------------------------

39/42 Testing: suurballe_test
39/42 Test: suurballe_test
Command: "/mnt/c/Users/Manuel/Desktop/coisas/42/alg2/euclidian_tsp/lemon-1.3.1/build/test/suurballe_test"
Directory: /mnt/c/Users/Manuel/Desktop/coisas/42/alg2/euclidian_tsp/lemon-1.3.1/build/test
"suurballe_test" start time: Jan 10 11:38 -03
Output:
----------------------------------------------------------
<end of output>
Test time =   0.03 sec
----------------------------------------------------------
Test Passed.
"suurballe_test" end time: Jan 10 11:38 -03
"suurballe_test" time elapsed: 00:00:00
----------------------------------------------------------

40/42 Testing: time_measure_test
40/42 Test: time_measure_test
Command: "/mnt/c/Users/Manuel/Desktop/coisas/42/alg2/euclidian_tsp/lemon-1.3.1/build/test/time_measure_test"
Directory: /mnt/c/Users/Manuel/Desktop/coisas/42/alg2/euclidian_tsp/lemon-1.3.1/build/test
"time_measure_test" start time: Jan 10 11:38 -03
Output:
----------------------------------------------------------
u: 0.02s, s: 0.08s, cu: 0s, cs: 0s, real: 0.100001s (238275 time queries)
u: 1.11759e-09s, s: 0s, cu: 0s, cs: 0s, real: 1.18672e-09s (134217728 tests)
Total: u: 0.15s, s: 0s, cu: 0s, cs: 0s, real: 0.159279s
u: 7.8125e-05s, s: 0.000351563s, cu: 0s, cs: 0s, real: 0.000410262s (256 tests)
Total: u: 0.02s, s: 0.09s, cu: 0s, cs: 0s, real: 0.105027s
<end of output>
Test time =   0.39 sec
----------------------------------------------------------
Test Passed.
"time_measure_test" end time: Jan 10 11:38 -03
"time_measure_test" time elapsed: 00:00:00
----------------------------------------------------------

41/42 Testing: tsp_test
41/42 Test: tsp_test
Command: "/mnt/c/Users/Manuel/Desktop/coisas/42/alg2/euclidian_tsp/lemon-1.3.1/build/test/tsp_test"
Directory: /mnt/c/Users/Manuel/Desktop/coisas/42/alg2/euclidian_tsp/lemon-1.3.1/build/test
"tsp_test" start time: Jan 10 11:38 -03
Output:
----------------------------------------------------------
<end of output>
Test time =   0.03 sec
----------------------------------------------------------
Test Passed.
"tsp_test" end time: Jan 10 11:38 -03
"tsp_test" time elapsed: 00:00:00
----------------------------------------------------------

42/42 Testing: unionfind_test
42/42 Test: unionfind_test
Command: "/mnt/c/Users/Manuel/Desktop/coisas/42/alg2/euclidian_tsp/lemon-1.3.1/build/test/unionfind_test"
Directory: /mnt/c/Users/Manuel/Desktop/coisas/42/alg2/euclidian_tsp/lemon-1.3.1/build/test
"unionfind_test" start time: Jan 10 11:38 -03
Output:
----------------------------------------------------------
<end of output>
Test time =   0.02 sec
----------------------------------------------------------
Test Passed.
"unionfind_test" end time: Jan 10 11:38 -03
"unionfind_test" time elapsed: 00:00:00
----------------------------------------------------------

End testing: Jan 10 11:38 -03
